{"level":"info","message":"Tracking deposits to contract: 0x00000000219ab540356cBB839Cbe05303d7705Fa"}
{"level":"error","message":"Error fetching block transactions: provider.getBlockWithTransactions is not a function","stack":"TypeError: provider.getBlockWithTransactions is not a function\n    at AlchemyProvider.<anonymous> (file:///Users/devrana/Desktop/Luganodes/index.mjs:29:42)\n    at file:///Users/devrana/Desktop/Luganodes/node_modules/ethers/lib.esm/providers/abstract-provider.js:1084:26\n    at Array.filter (<anonymous>)\n    at AlchemyProvider.emit (file:///Users/devrana/Desktop/Luganodes/node_modules/ethers/lib.esm/providers/abstract-provider.js:1081:39)\n    at process.processTicksAndRejections (node:internal/process/task_queues:95:5)\n    at async #poll (file:///Users/devrana/Desktop/Luganodes/node_modules/ethers/lib.esm/providers/subscriber-polling.js:64:21)"}
{"level":"error","message":"Error fetching block transactions: provider.getBlockWithTransactions is not a function","stack":"TypeError: provider.getBlockWithTransactions is not a function\n    at AlchemyProvider.<anonymous> (file:///Users/devrana/Desktop/Luganodes/index.mjs:29:42)\n    at file:///Users/devrana/Desktop/Luganodes/node_modules/ethers/lib.esm/providers/abstract-provider.js:1084:26\n    at Array.filter (<anonymous>)\n    at AlchemyProvider.emit (file:///Users/devrana/Desktop/Luganodes/node_modules/ethers/lib.esm/providers/abstract-provider.js:1081:39)\n    at process.processTicksAndRejections (node:internal/process/task_queues:95:5)\n    at async #poll (file:///Users/devrana/Desktop/Luganodes/node_modules/ethers/lib.esm/providers/subscriber-polling.js:64:21)"}
{"level":"error","message":"Error fetching block transactions: provider.getBlockWithTransactions is not a function","stack":"TypeError: provider.getBlockWithTransactions is not a function\n    at AlchemyProvider.<anonymous> (file:///Users/devrana/Desktop/Luganodes/index.mjs:29:42)\n    at file:///Users/devrana/Desktop/Luganodes/node_modules/ethers/lib.esm/providers/abstract-provider.js:1084:26\n    at Array.filter (<anonymous>)\n    at AlchemyProvider.emit (file:///Users/devrana/Desktop/Luganodes/node_modules/ethers/lib.esm/providers/abstract-provider.js:1081:39)\n    at process.processTicksAndRejections (node:internal/process/task_queues:95:5)\n    at async #poll (file:///Users/devrana/Desktop/Luganodes/node_modules/ethers/lib.esm/providers/subscriber-polling.js:64:21)"}
{"level":"error","message":"Error fetching block transactions: provider.getBlockWithTransactions is not a function","stack":"TypeError: provider.getBlockWithTransactions is not a function\n    at AlchemyProvider.<anonymous> (file:///Users/devrana/Desktop/Luganodes/index.mjs:29:42)\n    at file:///Users/devrana/Desktop/Luganodes/node_modules/ethers/lib.esm/providers/abstract-provider.js:1084:26\n    at Array.filter (<anonymous>)\n    at AlchemyProvider.emit (file:///Users/devrana/Desktop/Luganodes/node_modules/ethers/lib.esm/providers/abstract-provider.js:1081:39)\n    at process.processTicksAndRejections (node:internal/process/task_queues:95:5)\n    at async #poll (file:///Users/devrana/Desktop/Luganodes/node_modules/ethers/lib.esm/providers/subscriber-polling.js:64:21)"}
{"level":"error","message":"Error fetching block transactions: provider.getBlockWithTransactions is not a function","stack":"TypeError: provider.getBlockWithTransactions is not a function\n    at AlchemyProvider.<anonymous> (file:///Users/devrana/Desktop/Luganodes/index.mjs:29:42)\n    at file:///Users/devrana/Desktop/Luganodes/node_modules/ethers/lib.esm/providers/abstract-provider.js:1084:26\n    at Array.filter (<anonymous>)\n    at AlchemyProvider.emit (file:///Users/devrana/Desktop/Luganodes/node_modules/ethers/lib.esm/providers/abstract-provider.js:1081:39)\n    at process.processTicksAndRejections (node:internal/process/task_queues:95:5)\n    at async #poll (file:///Users/devrana/Desktop/Luganodes/node_modules/ethers/lib.esm/providers/subscriber-polling.js:64:21)"}
{"level":"error","message":"Error fetching block transactions: provider.getBlockWithTransactions is not a function","stack":"TypeError: provider.getBlockWithTransactions is not a function\n    at AlchemyProvider.<anonymous> (file:///Users/devrana/Desktop/Luganodes/index.mjs:29:42)\n    at file:///Users/devrana/Desktop/Luganodes/node_modules/ethers/lib.esm/providers/abstract-provider.js:1084:26\n    at Array.filter (<anonymous>)\n    at AlchemyProvider.emit (file:///Users/devrana/Desktop/Luganodes/node_modules/ethers/lib.esm/providers/abstract-provider.js:1081:39)\n    at process.processTicksAndRejections (node:internal/process/task_queues:95:5)\n    at async #poll (file:///Users/devrana/Desktop/Luganodes/node_modules/ethers/lib.esm/providers/subscriber-polling.js:64:21)"}
{"level":"error","message":"Error fetching block transactions: provider.getBlockWithTransactions is not a function","stack":"TypeError: provider.getBlockWithTransactions is not a function\n    at AlchemyProvider.<anonymous> (file:///Users/devrana/Desktop/Luganodes/index.mjs:29:42)\n    at file:///Users/devrana/Desktop/Luganodes/node_modules/ethers/lib.esm/providers/abstract-provider.js:1084:26\n    at Array.filter (<anonymous>)\n    at AlchemyProvider.emit (file:///Users/devrana/Desktop/Luganodes/node_modules/ethers/lib.esm/providers/abstract-provider.js:1081:39)\n    at process.processTicksAndRejections (node:internal/process/task_queues:95:5)\n    at async #poll (file:///Users/devrana/Desktop/Luganodes/node_modules/ethers/lib.esm/providers/subscriber-polling.js:64:21)"}
{"level":"error","message":"Error fetching block transactions: provider.getBlockWithTransactions is not a function","stack":"TypeError: provider.getBlockWithTransactions is not a function\n    at AlchemyProvider.<anonymous> (file:///Users/devrana/Desktop/Luganodes/index.mjs:29:42)\n    at file:///Users/devrana/Desktop/Luganodes/node_modules/ethers/lib.esm/providers/abstract-provider.js:1084:26\n    at Array.filter (<anonymous>)\n    at AlchemyProvider.emit (file:///Users/devrana/Desktop/Luganodes/node_modules/ethers/lib.esm/providers/abstract-provider.js:1081:39)\n    at process.processTicksAndRejections (node:internal/process/task_queues:95:5)\n    at async #poll (file:///Users/devrana/Desktop/Luganodes/node_modules/ethers/lib.esm/providers/subscriber-polling.js:64:21)"}
{"level":"info","message":"Tracking deposits to contract: 0x00000000219ab540356cBB839Cbe05303d7705Fa"}
{"level":"info","message":"Tracking deposits to contract: 0x00000000219ab540356cBB839Cbe05303d7705Fa"}
{"level":"info","message":"Connected to MongoDB"}
{"level":"info","message":"Tracking deposits to contract: 0x00000000219ab540356cBB839Cbe05303d7705Fa"}
{"level":"info","message":"Connected to MongoDB"}
{"level":"info","message":"Tracking deposits to contract: 0x00000000219ab540356cBB839Cbe05303d7705Fa"}
{"level":"info","message":"Connected to MongoDB"}
{"level":"info","message":"Tracking deposits to contract: 0x00000000219ab540356cBB839Cbe05303d7705Fa"}
{"level":"info","message":"Connected to MongoDB"}
{"level":"info","message":"Tracking deposits to contract: 0x00000000219ab540356cBB839Cbe05303d7705Fa"}
{"level":"info","message":"Connected to MongoDB"}
{"level":"info","message":"Tracking deposits to contract: 0x00000000219ab540356cBB839Cbe05303d7705Fa"}
{"level":"info","message":"Connected to MongoDB"}
{"level":"info","message":"Tracking deposits to contract: 0x00000000219ab540356cBB839Cbe05303d7705Fa"}
{"level":"info","message":"Connected to MongoDB"}
{"level":"info","message":"Tracking deposits to contract: 0x00000000219ab540356cBB839Cbe05303d7705Fa"}
{"level":"info","message":"Connected to MongoDB"}
{"level":"info","message":"Tracking deposits to contract: 0x00000000219ab540356cBB839Cbe05303d7705Fa"}
{"level":"info","message":"Connected to MongoDB"}
{"level":"info","message":"Tracking deposits to contract: 0x00000000219ab540356cBB839Cbe05303d7705Fa"}
{"code":"ETELEGRAM","level":"error","message":"Error sending Telegram notification: ETELEGRAM: 400 Bad Request: chat not found","response":{"body":{"description":"Bad Request: chat not found","error_code":400,"ok":false},"headers":{"access-control-allow-origin":"*","access-control-expose-headers":"Content-Length,Content-Type,Date,Server,Connection","connection":"keep-alive","content-length":"73","content-type":"application/json","date":"Mon, 09 Sep 2024 18:44:09 GMT","server":"nginx/1.18.0","strict-transport-security":"max-age=31536000; includeSubDomains; preload"},"request":{"headers":{"content-length":52,"content-type":"application/x-www-form-urlencoded"},"method":"POST","uri":{"auth":null,"hash":null,"host":"api.telegram.org","hostname":"api.telegram.org","href":"https://api.telegram.org/bot7274937726:AAHcEiUHF2ib2lyAlxSyXg2dOJcOlthIOFg/sendMessage","path":"/bot7274937726:AAHcEiUHF2ib2lyAlxSyXg2dOJcOlthIOFg/sendMessage","pathname":"/bot7274937726:AAHcEiUHF2ib2lyAlxSyXg2dOJcOlthIOFg/sendMessage","port":443,"protocol":"https:","query":null,"search":null,"slashes":true}},"statusCode":400},"stack":"Error: ETELEGRAM: 400 Bad Request: chat not found\n    at /Users/devrana/Desktop/Luganodes/node_modules/node-telegram-bot-api/src/telegram.js:316:15\n    at tryCatcher (/Users/devrana/Desktop/Luganodes/node_modules/bluebird/js/release/util.js:16:23)\n    at Promise._settlePromiseFromHandler (/Users/devrana/Desktop/Luganodes/node_modules/bluebird/js/release/promise.js:547:31)\n    at Promise._settlePromise (/Users/devrana/Desktop/Luganodes/node_modules/bluebird/js/release/promise.js:604:18)\n    at Promise._settlePromise0 (/Users/devrana/Desktop/Luganodes/node_modules/bluebird/js/release/promise.js:649:10)\n    at Promise._settlePromises (/Users/devrana/Desktop/Luganodes/node_modules/bluebird/js/release/promise.js:729:18)\n    at _drainQueueStep (/Users/devrana/Desktop/Luganodes/node_modules/bluebird/js/release/async.js:93:12)\n    at _drainQueue (/Users/devrana/Desktop/Luganodes/node_modules/bluebird/js/release/async.js:86:9)\n    at Async._drainQueues (/Users/devrana/Desktop/Luganodes/node_modules/bluebird/js/release/async.js:102:5)\n    at Async.drainQueues [as _onImmediate] (/Users/devrana/Desktop/Luganodes/node_modules/bluebird/js/release/async.js:15:14)\n    at process.processImmediate (node:internal/timers:478:21)"}
{"level":"info","message":"Connected to MongoDB"}
{"level":"info","message":"Tracking deposits to contract: 0x00000000219ab540356cBB839Cbe05303d7705Fa"}
{"level":"info","message":"Connected to MongoDB"}
{"level":"info","message":"Telegram notification sent"}
{"level":"info","message":"Tracking deposits to contract: 0x00000000219ab540356cBB839Cbe05303d7705Fa"}
{"level":"info","message":"Connected to MongoDB"}
{"level":"info","message":"Tracking deposits to contract: 0x00000000219ab540356cBB839Cbe05303d7705Fa"}
{"level":"info","message":"Connected to MongoDB"}
{"level":"info","message":"Telegram notification sent"}
{"level":"info","message":"Tracking deposits to contract: 0x00000000219ab540356cBB839Cbe05303d7705Fa"}
{"level":"info","message":"Connected to MongoDB"}
{"level":"info","message":"Telegram notification sent"}
{"level":"error","message":"Error setting up MongoDB Change Stream: changeStream.on is not a function","stack":"TypeError: changeStream.on is not a function\n    at monitorMongoChanges (file:///Users/devrana/Desktop/Luganodes/index.mjs:54:22)\n    at file:///Users/devrana/Desktop/Luganodes/index.mjs:133:1\n    at ModuleJob.run (node:internal/modules/esm/module_job:217:25)\n    at async ModuleLoader.import (node:internal/modules/esm/loader:316:24)\n    at async loadESM (node:internal/process/esm_loader:34:7)\n    at async handleMainPromise (node:internal/modules/run_main:66:12)"}
{"level":"info","message":"Tracking deposits to contract: 0x00000000219ab540356cBB839Cbe05303d7705Fa"}
{"level":"error","message":"Error setting up MongoDB Change Stream: changeStream.on is not a function","stack":"TypeError: changeStream.on is not a function\n    at monitorMongoChanges (file:///Users/devrana/Desktop/Luganodes/index.mjs:54:22)\n    at file:///Users/devrana/Desktop/Luganodes/index.mjs:133:1\n    at ModuleJob.run (node:internal/modules/esm/module_job:217:25)\n    at async ModuleLoader.import (node:internal/modules/esm/loader:316:24)\n    at async loadESM (node:internal/process/esm_loader:34:7)\n    at async handleMainPromise (node:internal/modules/run_main:66:12)"}
{"level":"error","message":"Error setting up MongoDB Change Stream: changeStream.on is not a function","stack":"TypeError: changeStream.on is not a function\n    at monitorMongoChanges (file:///Users/devrana/Desktop/Luganodes/index.mjs:54:22)\n    at file:///Users/devrana/Desktop/Luganodes/index.mjs:133:1\n    at ModuleJob.run (node:internal/modules/esm/module_job:217:25)\n    at async ModuleLoader.import (node:internal/modules/esm/loader:316:24)\n    at async loadESM (node:internal/process/esm_loader:34:7)\n    at async handleMainPromise (node:internal/modules/run_main:66:12)"}
{"level":"info","message":"Tracking deposits to contract: 0x00000000219ab540356cBB839Cbe05303d7705Fa"}
{"code":"ECONNREFUSED","hostname":"_mongodb._tcp.cluster0.y4x0skq.mongodb.net","level":"error","message":"Error connecting to MongoDB querySrv ECONNREFUSED _mongodb._tcp.cluster0.y4x0skq.mongodb.net","stack":"Error: querySrv ECONNREFUSED _mongodb._tcp.cluster0.y4x0skq.mongodb.net\n    at QueryReqWrap.onresolve [as oncomplete] (node:internal/dns/promises:251:17)","syscall":"querySrv"}
{"level":"error","message":"Error setting up MongoDB Change Stream: changeStream.on is not a function","stack":"TypeError: changeStream.on is not a function\n    at monitorMongoChanges (file:///Users/devrana/Desktop/Luganodes/index.mjs:54:22)\n    at file:///Users/devrana/Desktop/Luganodes/index.mjs:133:1\n    at ModuleJob.run (node:internal/modules/esm/module_job:217:25)\n    at async ModuleLoader.import (node:internal/modules/esm/loader:316:24)\n    at async loadESM (node:internal/process/esm_loader:34:7)\n    at async handleMainPromise (node:internal/modules/run_main:66:12)"}
{"level":"info","message":"Tracking deposits to contract: 0x00000000219ab540356cBB839Cbe05303d7705Fa"}
{"code":"ECONNREFUSED","hostname":"_mongodb._tcp.cluster0.y4x0skq.mongodb.net","level":"error","message":"Error connecting to MongoDB querySrv ECONNREFUSED _mongodb._tcp.cluster0.y4x0skq.mongodb.net","stack":"Error: querySrv ECONNREFUSED _mongodb._tcp.cluster0.y4x0skq.mongodb.net\n    at QueryReqWrap.onresolve [as oncomplete] (node:internal/dns/promises:251:17)","syscall":"querySrv"}
{"level":"error","message":"Error setting up MongoDB Change Stream: changeStream.on is not a function","stack":"TypeError: changeStream.on is not a function\n    at monitorMongoChanges (file:///Users/devrana/Desktop/Luganodes/index.mjs:54:22)\n    at file:///Users/devrana/Desktop/Luganodes/index.mjs:133:1\n    at ModuleJob.run (node:internal/modules/esm/module_job:217:25)\n    at async ModuleLoader.import (node:internal/modules/esm/loader:316:24)\n    at async loadESM (node:internal/process/esm_loader:34:7)\n    at async handleMainPromise (node:internal/modules/run_main:66:12)"}
{"level":"error","message":"Error setting up MongoDB Change Stream: changeStream.on is not a function","stack":"TypeError: changeStream.on is not a function\n    at monitorMongoChanges (file:///Users/devrana/Desktop/Luganodes/index.mjs:55:22)\n    at file:///Users/devrana/Desktop/Luganodes/index.mjs:134:1\n    at ModuleJob.run (node:internal/modules/esm/module_job:217:25)\n    at async ModuleLoader.import (node:internal/modules/esm/loader:316:24)\n    at async loadESM (node:internal/process/esm_loader:34:7)\n    at async handleMainPromise (node:internal/modules/run_main:66:12)"}
{"level":"info","message":"Tracking deposits to contract: 0x00000000219ab540356cBB839Cbe05303d7705Fa"}
{"code":"ECONNREFUSED","hostname":"_mongodb._tcp.cluster0.y4x0skq.mongodb.net","level":"error","message":"Error connecting to MongoDB querySrv ECONNREFUSED _mongodb._tcp.cluster0.y4x0skq.mongodb.net","stack":"Error: querySrv ECONNREFUSED _mongodb._tcp.cluster0.y4x0skq.mongodb.net\n    at QueryReqWrap.onresolve [as oncomplete] (node:internal/dns/promises:251:17)","syscall":"querySrv"}
{"level":"error","message":"Error setting up MongoDB Change Stream: changeStream.on is not a function","stack":"TypeError: changeStream.on is not a function\n    at monitorMongoChanges (file:///Users/devrana/Desktop/Luganodes/index.mjs:55:22)\n    at file:///Users/devrana/Desktop/Luganodes/index.mjs:134:1\n    at ModuleJob.run (node:internal/modules/esm/module_job:217:25)\n    at async ModuleLoader.import (node:internal/modules/esm/loader:316:24)\n    at async loadESM (node:internal/process/esm_loader:34:7)\n    at async handleMainPromise (node:internal/modules/run_main:66:12)"}
{"level":"error","message":"Error setting up MongoDB Change Stream: changeStream.on is not a function","stack":"TypeError: changeStream.on is not a function\n    at monitorMongoChanges (file:///Users/devrana/Desktop/Luganodes/index.mjs:55:22)\n    at file:///Users/devrana/Desktop/Luganodes/index.mjs:134:1\n    at ModuleJob.run (node:internal/modules/esm/module_job:217:25)\n    at async ModuleLoader.import (node:internal/modules/esm/loader:316:24)\n    at async loadESM (node:internal/process/esm_loader:34:7)\n    at async handleMainPromise (node:internal/modules/run_main:66:12)"}
{"level":"info","message":"Tracking deposits to contract: 0x00000000219ab540356cBB839Cbe05303d7705Fa"}
{"code":"ECONNREFUSED","hostname":"_mongodb._tcp.cluster0.y4x0skq.mongodb.net","level":"error","message":"Error connecting to MongoDB querySrv ECONNREFUSED _mongodb._tcp.cluster0.y4x0skq.mongodb.net","stack":"Error: querySrv ECONNREFUSED _mongodb._tcp.cluster0.y4x0skq.mongodb.net\n    at QueryReqWrap.onresolve [as oncomplete] (node:internal/dns/promises:251:17)","syscall":"querySrv"}
{"level":"error","message":"Error setting up MongoDB Change Stream: changeStream.on is not a function","stack":"TypeError: changeStream.on is not a function\n    at monitorMongoChanges (file:///Users/devrana/Desktop/Luganodes/index.mjs:54:22)\n    at file:///Users/devrana/Desktop/Luganodes/index.mjs:133:1\n    at ModuleJob.run (node:internal/modules/esm/module_job:217:25)\n    at async ModuleLoader.import (node:internal/modules/esm/loader:316:24)\n    at async loadESM (node:internal/process/esm_loader:34:7)\n    at async handleMainPromise (node:internal/modules/run_main:66:12)"}
{"level":"info","message":"Tracking deposits to contract: 0x00000000219ab540356cBB839Cbe05303d7705Fa"}
{"code":"ECONNREFUSED","hostname":"_mongodb._tcp.cluster0.y4x0skq.mongodb.net","level":"error","message":"Error connecting to MongoDB querySrv ECONNREFUSED _mongodb._tcp.cluster0.y4x0skq.mongodb.net","stack":"Error: querySrv ECONNREFUSED _mongodb._tcp.cluster0.y4x0skq.mongodb.net\n    at QueryReqWrap.onresolve [as oncomplete] (node:internal/dns/promises:251:17)","syscall":"querySrv"}
{"level":"error","message":"Error setting up MongoDB Change Stream: changeStream.on is not a function","stack":"TypeError: changeStream.on is not a function\n    at monitorMongoChanges (file:///Users/devrana/Desktop/Luganodes/index.mjs:54:22)\n    at file:///Users/devrana/Desktop/Luganodes/index.mjs:133:1\n    at ModuleJob.run (node:internal/modules/esm/module_job:217:25)\n    at async ModuleLoader.import (node:internal/modules/esm/loader:316:24)\n    at async loadESM (node:internal/process/esm_loader:34:7)\n    at async handleMainPromise (node:internal/modules/run_main:66:12)"}
{"level":"info","message":"Tracking deposits to contract: 0x00000000219ab540356cBB839Cbe05303d7705Fa"}
{"code":"ECONNREFUSED","hostname":"_mongodb._tcp.cluster0.y4x0skq.mongodb.net","level":"error","message":"Error connecting to MongoDB querySrv ECONNREFUSED _mongodb._tcp.cluster0.y4x0skq.mongodb.net","stack":"Error: querySrv ECONNREFUSED _mongodb._tcp.cluster0.y4x0skq.mongodb.net\n    at QueryReqWrap.onresolve [as oncomplete] (node:internal/dns/promises:251:17)","syscall":"querySrv"}
{"level":"error","message":"Error setting up MongoDB Change Stream: changeStream.on is not a function","stack":"TypeError: changeStream.on is not a function\n    at monitorMongoChanges (file:///Users/devrana/Desktop/Luganodes/index.mjs:46:22)\n    at file:///Users/devrana/Desktop/Luganodes/index.mjs:102:1\n    at ModuleJob.run (node:internal/modules/esm/module_job:217:25)\n    at async ModuleLoader.import (node:internal/modules/esm/loader:316:24)\n    at async loadESM (node:internal/process/esm_loader:34:7)\n    at async handleMainPromise (node:internal/modules/run_main:66:12)"}
{"level":"error","message":"Error setting up MongoDB Change Stream: changeStream.on is not a function","stack":"TypeError: changeStream.on is not a function\n    at monitorMongoChanges (file:///Users/nishantdalal/Downloads/Luganodes/index.mjs:46:22)\n    at file:///Users/nishantdalal/Downloads/Luganodes/index.mjs:102:1\n    at ModuleJob.run (node:internal/modules/esm/module_job:193:25)\n    at async Promise.all (index 0)\n    at async ESMLoader.import (node:internal/modules/esm/loader:533:24)\n    at async loadESM (node:internal/process/esm_loader:91:5)\n    at async handleMainPromise (node:internal/modules/run_main:65:12)"}
{"level":"info","message":"Tracking deposits to contract: 0x00000000219ab540356cBB839Cbe05303d7705Fa"}
{"level":"info","message":"Server started, monitoring for deposits..."}
{"level":"info","message":"Connected to MongoDB"}
{"level":"error","message":"Error setting up MongoDB Change Stream: changeStream.on is not a function","stack":"TypeError: changeStream.on is not a function\n    at monitorMongoChanges (file:///Users/nishantdalal/Downloads/Luganodes/index.mjs:46:22)\n    at file:///Users/nishantdalal/Downloads/Luganodes/index.mjs:102:1\n    at ModuleJob.run (node:internal/modules/esm/module_job:193:25)\n    at async Promise.all (index 0)\n    at async ESMLoader.import (node:internal/modules/esm/loader:533:24)\n    at async loadESM (node:internal/process/esm_loader:91:5)\n    at async handleMainPromise (node:internal/modules/run_main:65:12)"}
{"level":"info","message":"Tracking deposits to contract: 0x00000000219ab540356cBB839Cbe05303d7705Fa"}
{"level":"info","message":"Server started, monitoring for deposits..."}
{"level":"info","message":"Connected to MongoDB"}
{"level":"error","message":"Error setting up MongoDB Change Stream: changeStream.on is not a function","stack":"TypeError: changeStream.on is not a function\n    at monitorMongoChanges (file:///Users/nishantdalal/Downloads/Luganodes/index.mjs:46:22)\n    at file:///Users/nishantdalal/Downloads/Luganodes/index.mjs:102:1\n    at ModuleJob.run (node:internal/modules/esm/module_job:193:25)\n    at async Promise.all (index 0)\n    at async ESMLoader.import (node:internal/modules/esm/loader:533:24)\n    at async loadESM (node:internal/process/esm_loader:91:5)\n    at async handleMainPromise (node:internal/modules/run_main:65:12)"}
{"level":"info","message":"Tracking deposits to contract: 0x00000000219ab540356cBB839Cbe05303d7705Fa"}
{"level":"info","message":"Server started, monitoring for deposits..."}
{"level":"error","message":"Error setting up MongoDB Change Stream: changeStream.on is not a function","stack":"TypeError: changeStream.on is not a function\n    at monitorMongoChanges (file:///Users/nishantdalal/Downloads/Luganodes/index.mjs:46:22)\n    at file:///Users/nishantdalal/Downloads/Luganodes/index.mjs:102:1\n    at ModuleJob.run (node:internal/modules/esm/module_job:193:25)\n    at async Promise.all (index 0)\n    at async ESMLoader.import (node:internal/modules/esm/loader:533:24)\n    at async loadESM (node:internal/process/esm_loader:91:5)\n    at async handleMainPromise (node:internal/modules/run_main:65:12)"}
{"level":"info","message":"Tracking deposits to contract: 0x00000000219ab540356cBB839Cbe05303d7705Fa"}
{"level":"info","message":"Server started, monitoring for deposits..."}
{"level":"error","message":"Error setting up MongoDB Change Stream: changeStream.on is not a function","stack":"TypeError: changeStream.on is not a function\n    at monitorMongoChanges (file:///Users/nishantdalal/Downloads/Luganodes/index.mjs:46:22)\n    at file:///Users/nishantdalal/Downloads/Luganodes/index.mjs:102:1\n    at ModuleJob.run (node:internal/modules/esm/module_job:193:25)\n    at async Promise.all (index 0)\n    at async ESMLoader.import (node:internal/modules/esm/loader:533:24)\n    at async loadESM (node:internal/process/esm_loader:91:5)\n    at async handleMainPromise (node:internal/modules/run_main:65:12)"}
{"level":"info","message":"Tracking deposits to contract: 0x00000000219ab540356cBB839Cbe05303d7705Fa"}
{"level":"info","message":"Server started, monitoring for deposits..."}
{"level":"info","message":"Connected to MongoDB"}
{"level":"error","message":"Error setting up MongoDB Change Stream: changeStream.on is not a function","stack":"TypeError: changeStream.on is not a function\n    at monitorMongoChanges (file:///Users/nishantdalal/Downloads/Luganodes/index.mjs:46:22)\n    at file:///Users/nishantdalal/Downloads/Luganodes/index.mjs:102:1\n    at ModuleJob.run (node:internal/modules/esm/module_job:193:25)\n    at async Promise.all (index 0)\n    at async ESMLoader.import (node:internal/modules/esm/loader:533:24)\n    at async loadESM (node:internal/process/esm_loader:91:5)\n    at async handleMainPromise (node:internal/modules/run_main:65:12)"}
{"level":"info","message":"Tracking deposits to contract: 0x00000000219ab540356cBB839Cbe05303d7705Fa"}
{"level":"info","message":"Server started, monitoring for deposits..."}
{"level":"info","message":"Connected to MongoDB"}
{"level":"error","message":"Error setting up MongoDB Change Stream: changeStream.on is not a function","stack":"TypeError: changeStream.on is not a function\n    at monitorMongoChanges (file:///Users/nishantdalal/Downloads/Luganodes/index.mjs:46:22)\n    at file:///Users/nishantdalal/Downloads/Luganodes/index.mjs:102:1\n    at ModuleJob.run (node:internal/modules/esm/module_job:193:25)\n    at async Promise.all (index 0)\n    at async ESMLoader.import (node:internal/modules/esm/loader:533:24)\n    at async loadESM (node:internal/process/esm_loader:91:5)\n    at async handleMainPromise (node:internal/modules/run_main:65:12)"}
{"level":"info","message":"Tracking deposits to contract: 0x00000000219ab540356cBB839Cbe05303d7705Fa"}
{"level":"info","message":"Server started, monitoring for deposits..."}
{"level":"info","message":"Connected to MongoDB"}
{"level":"info","message":"Server started, monitoring for deposits..."}
{"level":"info","message":"Connected to MongoDB"}
{"level":"info","message":"Server started, monitoring for deposits..."}
{"level":"info","message":"Connected to MongoDB"}
{"level":"info","message":"Server started, monitoring for deposits..."}
{"level":"info","message":"Connected to MongoDB"}
{"level":"info","message":"Server started, monitoring for deposits..."}
{"level":"info","message":"Connected to MongoDB"}
{"level":"info","message":"Tracking deposits to contract: 0x00000000219ab540356cBB839Cbe05303d7705Fa"}
{"level":"info","message":"Server started, monitoring for deposits..."}
{"level":"info","message":"Connected to MongoDB"}
{"level":"info","message":"Tracking deposits to contract: 0x00000000219ab540356cBB839Cbe05303d7705Fa"}
{"level":"info","message":"Server started, monitoring for deposits..."}
{"level":"info","message":"Connected to MongoDB"}
{"level":"info","message":"Tracking deposits to contract: 0x00000000219ab540356cBB839Cbe05303d7705Fa"}
{"level":"info","message":"Server started, monitoring for deposits..."}
{"level":"info","message":"Connected to MongoDB"}
{"code":"ECONNRESET","errno":-54,"level":"error","message":"Error fetching block transactions: read ECONNRESET","stack":"Error: read ECONNRESET\n    at TLSWrap.onStreamRead (node:internal/stream_base_commons:217:20)","syscall":"read"}
{"code":"ECONNRESET","errno":-54,"level":"error","message":"Error fetching block transactions: read ECONNRESET","stack":"Error: read ECONNRESET\n    at TLSWrap.onStreamRead (node:internal/stream_base_commons:217:20)","syscall":"read"}
{"code":"ECONNRESET","errno":-54,"level":"error","message":"Error fetching block transactions: read ECONNRESET","stack":"Error: read ECONNRESET\n    at TLSWrap.onStreamRead (node:internal/stream_base_commons:217:20)","syscall":"read"}
{"code":"ECONNRESET","errno":-54,"level":"error","message":"Error fetching block transactions: read ECONNRESET","stack":"Error: read ECONNRESET\n    at TLSWrap.onStreamRead (node:internal/stream_base_commons:217:20)","syscall":"read"}
{"code":"ECONNRESET","errno":-54,"level":"error","message":"Error fetching block transactions: read ECONNRESET","stack":"Error: read ECONNRESET\n    at TLSWrap.onStreamRead (node:internal/stream_base_commons:217:20)","syscall":"read"}
{"code":"ECONNRESET","errno":-54,"level":"error","message":"Error fetching block transactions: read ECONNRESET","stack":"Error: read ECONNRESET\n    at TLSWrap.onStreamRead (node:internal/stream_base_commons:217:20)","syscall":"read"}
{"code":"ECONNRESET","errno":-54,"level":"error","message":"Error fetching block transactions: read ECONNRESET","stack":"Error: read ECONNRESET\n    at TLSWrap.onStreamRead (node:internal/stream_base_commons:217:20)","syscall":"read"}
{"code":"ECONNRESET","errno":-54,"level":"error","message":"Error fetching block transactions: read ECONNRESET","stack":"Error: read ECONNRESET\n    at TLSWrap.onStreamRead (node:internal/stream_base_commons:217:20)","syscall":"read"}
{"level":"info","message":"Tracking deposits to contract: 0x00000000219ab540356cBB839Cbe05303d7705Fa"}
{"level":"info","message":"Server started, monitoring for deposits..."}
{"level":"info","message":"Connected to MongoDB"}
{"level":"info","message":"Tracking deposits to contract: 0x00000000219ab540356cBB839Cbe05303d7705Fa"}
{"level":"info","message":"Server started, monitoring for deposits..."}
{"level":"info","message":"Connected to MongoDB"}
{"code":"TIMEOUT","level":"error","message":"Error fetching block transactions: request timeout (code=TIMEOUT, version=6.13.2)","shortMessage":"request timeout","stack":"Error: request timeout (code=TIMEOUT, version=6.13.2)\n    at makeError (file:///Users/nishantdalal/Downloads/Luganodes/node_modules/ethers/lib.esm/utils/errors.js:124:21)\n    at ClientRequest.<anonymous> (file:///Users/nishantdalal/Downloads/Luganodes/node_modules/ethers/lib.esm/utils/geturl.js:55:24)\n    at ClientRequest.emit (node:events:513:28)\n    at TLSSocket.emitRequestTimeout (node:_http_client:814:9)\n    at Object.onceWrapper (node:events:627:28)\n    at TLSSocket.emit (node:events:525:35)\n    at TLSSocket.Socket._onTimeout (node:net:526:8)\n    at listOnTimeout (node:internal/timers:559:17)\n    at processTimers (node:internal/timers:502:7)"}
{"code":"TIMEOUT","level":"error","message":"Error fetching block transactions: request timeout (code=TIMEOUT, version=6.13.2)","shortMessage":"request timeout","stack":"Error: request timeout (code=TIMEOUT, version=6.13.2)\n    at makeError (file:///Users/nishantdalal/Downloads/Luganodes/node_modules/ethers/lib.esm/utils/errors.js:124:21)\n    at ClientRequest.<anonymous> (file:///Users/nishantdalal/Downloads/Luganodes/node_modules/ethers/lib.esm/utils/geturl.js:55:24)\n    at ClientRequest.emit (node:events:513:28)\n    at TLSSocket.emitRequestTimeout (node:_http_client:814:9)\n    at Object.onceWrapper (node:events:627:28)\n    at TLSSocket.emit (node:events:525:35)\n    at TLSSocket.Socket._onTimeout (node:net:526:8)\n    at listOnTimeout (node:internal/timers:559:17)\n    at processTimers (node:internal/timers:502:7)"}
{"level":"info","message":"Tracking deposits to contract: 0x00000000219ab540356cBB839Cbe05303d7705Fa"}
{"level":"info","message":"Server started, monitoring for deposits..."}
{"level":"info","message":"Connected to MongoDB"}
{"code":"TIMEOUT","level":"error","message":"Error fetching block transactions: request timeout (code=TIMEOUT, version=6.13.2)","shortMessage":"request timeout","stack":"Error: request timeout (code=TIMEOUT, version=6.13.2)\n    at makeError (file:///Users/nishantdalal/Downloads/Luganodes/node_modules/ethers/lib.esm/utils/errors.js:124:21)\n    at ClientRequest.<anonymous> (file:///Users/nishantdalal/Downloads/Luganodes/node_modules/ethers/lib.esm/utils/geturl.js:55:24)\n    at ClientRequest.emit (node:events:513:28)\n    at TLSSocket.emitRequestTimeout (node:_http_client:814:9)\n    at Object.onceWrapper (node:events:627:28)\n    at TLSSocket.emit (node:events:525:35)\n    at TLSSocket.Socket._onTimeout (node:net:526:8)\n    at listOnTimeout (node:internal/timers:559:17)\n    at processTimers (node:internal/timers:502:7)"}
{"code":"TIMEOUT","level":"error","message":"Error fetching block transactions: request timeout (code=TIMEOUT, version=6.13.2)","shortMessage":"request timeout","stack":"Error: request timeout (code=TIMEOUT, version=6.13.2)\n    at makeError (file:///Users/nishantdalal/Downloads/Luganodes/node_modules/ethers/lib.esm/utils/errors.js:124:21)\n    at ClientRequest.<anonymous> (file:///Users/nishantdalal/Downloads/Luganodes/node_modules/ethers/lib.esm/utils/geturl.js:55:24)\n    at ClientRequest.emit (node:events:513:28)\n    at TLSSocket.emitRequestTimeout (node:_http_client:814:9)\n    at Object.onceWrapper (node:events:627:28)\n    at TLSSocket.emit (node:events:525:35)\n    at TLSSocket.Socket._onTimeout (node:net:526:8)\n    at listOnTimeout (node:internal/timers:559:17)\n    at processTimers (node:internal/timers:502:7)"}
{"code":"TIMEOUT","level":"error","message":"Error fetching block transactions: request timeout (code=TIMEOUT, version=6.13.2)","shortMessage":"request timeout","stack":"Error: request timeout (code=TIMEOUT, version=6.13.2)\n    at makeError (file:///Users/nishantdalal/Downloads/Luganodes/node_modules/ethers/lib.esm/utils/errors.js:124:21)\n    at ClientRequest.<anonymous> (file:///Users/nishantdalal/Downloads/Luganodes/node_modules/ethers/lib.esm/utils/geturl.js:55:24)\n    at ClientRequest.emit (node:events:513:28)\n    at TLSSocket.emitRequestTimeout (node:_http_client:814:9)\n    at Object.onceWrapper (node:events:627:28)\n    at TLSSocket.emit (node:events:525:35)\n    at TLSSocket.Socket._onTimeout (node:net:526:8)\n    at listOnTimeout (node:internal/timers:559:17)\n    at processTimers (node:internal/timers:502:7)"}
{"code":"TIMEOUT","level":"error","message":"Error fetching block transactions: request timeout (code=TIMEOUT, version=6.13.2)","shortMessage":"request timeout","stack":"Error: request timeout (code=TIMEOUT, version=6.13.2)\n    at makeError (file:///Users/nishantdalal/Downloads/Luganodes/node_modules/ethers/lib.esm/utils/errors.js:124:21)\n    at ClientRequest.<anonymous> (file:///Users/nishantdalal/Downloads/Luganodes/node_modules/ethers/lib.esm/utils/geturl.js:55:24)\n    at ClientRequest.emit (node:events:513:28)\n    at TLSSocket.emitRequestTimeout (node:_http_client:814:9)\n    at Object.onceWrapper (node:events:627:28)\n    at TLSSocket.emit (node:events:525:35)\n    at TLSSocket.Socket._onTimeout (node:net:526:8)\n    at listOnTimeout (node:internal/timers:559:17)\n    at processTimers (node:internal/timers:502:7)"}
{"code":"TIMEOUT","level":"error","message":"Error fetching block transactions: request timeout (code=TIMEOUT, version=6.13.2)","shortMessage":"request timeout","stack":"Error: request timeout (code=TIMEOUT, version=6.13.2)\n    at makeError (file:///Users/nishantdalal/Downloads/Luganodes/node_modules/ethers/lib.esm/utils/errors.js:124:21)\n    at ClientRequest.<anonymous> (file:///Users/nishantdalal/Downloads/Luganodes/node_modules/ethers/lib.esm/utils/geturl.js:55:24)\n    at ClientRequest.emit (node:events:513:28)\n    at TLSSocket.emitRequestTimeout (node:_http_client:814:9)\n    at Object.onceWrapper (node:events:627:28)\n    at TLSSocket.emit (node:events:525:35)\n    at TLSSocket.Socket._onTimeout (node:net:526:8)\n    at listOnTimeout (node:internal/timers:559:17)\n    at processTimers (node:internal/timers:502:7)"}
{"code":"TIMEOUT","level":"error","message":"Error fetching block transactions: request timeout (code=TIMEOUT, version=6.13.2)","shortMessage":"request timeout","stack":"Error: request timeout (code=TIMEOUT, version=6.13.2)\n    at makeError (file:///Users/nishantdalal/Downloads/Luganodes/node_modules/ethers/lib.esm/utils/errors.js:124:21)\n    at ClientRequest.<anonymous> (file:///Users/nishantdalal/Downloads/Luganodes/node_modules/ethers/lib.esm/utils/geturl.js:55:24)\n    at ClientRequest.emit (node:events:513:28)\n    at TLSSocket.emitRequestTimeout (node:_http_client:814:9)\n    at Object.onceWrapper (node:events:627:28)\n    at TLSSocket.emit (node:events:525:35)\n    at TLSSocket.Socket._onTimeout (node:net:526:8)\n    at listOnTimeout (node:internal/timers:559:17)\n    at processTimers (node:internal/timers:502:7)"}
{"level":"info","message":"Tracking deposits to contract: 0x00000000219ab540356cBB839Cbe05303d7705Fa"}
{"level":"info","message":"Server started, monitoring for deposits..."}
{"level":"info","message":"Connected to MongoDB"}
{"level":"info","message":"Tracking deposits to contract: 0x00000000219ab540356cBB839Cbe05303d7705Fa"}
{"level":"info","message":"Server started, monitoring for deposits..."}
{"level":"info","message":"Connected to MongoDB"}
{"level":"info","message":"Tracking deposits to contract: 0x00000000219ab540356cBB839Cbe05303d7705Fa"}
{"level":"info","message":"Server started, monitoring for deposits..."}
{"level":"info","message":"Connected to MongoDB"}
{"level":"info","message":"Tracking deposits to contract: 0x00000000219ab540356cBB839Cbe05303d7705Fa"}
{"level":"info","message":"Server started, monitoring for deposits..."}
{"level":"info","message":"Connected to MongoDB"}
{"level":"info","message":"Tracking deposits to contract: 0x00000000219ab540356cBB839Cbe05303d7705Fa"}
{"level":"info","message":"Server started, monitoring for deposits..."}
{"level":"info","message":"Connected to MongoDB"}
{"blockNumber":20727212,"blockTimestamp":"2024-09-11T11:57:11.000Z","from":"0xBdD75A97c29294FF805FB2fEe65aBd99492b32A8","hash":"0xf1255e9fb87240680d1a0a6a90ceded555020dbf04f8b15960d49bb80645cbaf","level":"info","message":"New deposit detected in transaction: 0xf1255e9fb87240680d1a0a6a90ceded555020dbf04f8b15960d49bb80645cbaf","to":"0x00000000219ab540356cBB839Cbe05303d7705Fa","value":"32.0"}
{"level":"info","message":"Deposit saved to MongoDB: 0xf1255e9fb87240680d1a0a6a90ceded555020dbf04f8b15960d49bb80645cbaf"}
{"blockNumber":20727213,"blockTimestamp":"2024-09-11T11:57:23.000Z","from":"0xBdD75A97c29294FF805FB2fEe65aBd99492b32A8","hash":"0xdb052ab48edf18238429a2866ad3c511d571c72b58590b6674ac7107745996ca","level":"info","message":"New deposit detected in transaction: 0xdb052ab48edf18238429a2866ad3c511d571c72b58590b6674ac7107745996ca","to":"0x00000000219ab540356cBB839Cbe05303d7705Fa","value":"32.0"}
{"level":"info","message":"Deposit saved to MongoDB: 0xdb052ab48edf18238429a2866ad3c511d571c72b58590b6674ac7107745996ca"}
{"blockNumber":20727214,"blockTimestamp":"2024-09-11T11:57:35.000Z","from":"0xBdD75A97c29294FF805FB2fEe65aBd99492b32A8","hash":"0xee09309be6fe56b8cc7453d7bdaebfef56b0fd902178849d9f5a47274e6aa7e5","level":"info","message":"New deposit detected in transaction: 0xee09309be6fe56b8cc7453d7bdaebfef56b0fd902178849d9f5a47274e6aa7e5","to":"0x00000000219ab540356cBB839Cbe05303d7705Fa","value":"32.0"}
{"level":"info","message":"Deposit saved to MongoDB: 0xee09309be6fe56b8cc7453d7bdaebfef56b0fd902178849d9f5a47274e6aa7e5"}
{"blockNumber":20727215,"blockTimestamp":"2024-09-11T11:57:47.000Z","from":"0xBdD75A97c29294FF805FB2fEe65aBd99492b32A8","hash":"0x6372f4868a04250e98977800270340af99e5667fc8f23033902cbee76db9f2cf","level":"info","message":"New deposit detected in transaction: 0x6372f4868a04250e98977800270340af99e5667fc8f23033902cbee76db9f2cf","to":"0x00000000219ab540356cBB839Cbe05303d7705Fa","value":"32.0"}
{"level":"info","message":"Deposit saved to MongoDB: 0x6372f4868a04250e98977800270340af99e5667fc8f23033902cbee76db9f2cf"}
{"blockNumber":20727216,"blockTimestamp":"2024-09-11T11:57:59.000Z","from":"0xBdD75A97c29294FF805FB2fEe65aBd99492b32A8","hash":"0x1580f5bf996d83d5808993cbdfd8eab37c9674087a87fd0abb5bf648c3f7be85","level":"info","message":"New deposit detected in transaction: 0x1580f5bf996d83d5808993cbdfd8eab37c9674087a87fd0abb5bf648c3f7be85","to":"0x00000000219ab540356cBB839Cbe05303d7705Fa","value":"32.0"}
{"level":"info","message":"Deposit saved to MongoDB: 0x1580f5bf996d83d5808993cbdfd8eab37c9674087a87fd0abb5bf648c3f7be85"}
{"blockNumber":20727217,"blockTimestamp":"2024-09-11T11:58:11.000Z","from":"0xBdD75A97c29294FF805FB2fEe65aBd99492b32A8","hash":"0x07e48a3b5e649343cdab4851809994460fbc7c13ea552a4c321a374dedf70262","level":"info","message":"New deposit detected in transaction: 0x07e48a3b5e649343cdab4851809994460fbc7c13ea552a4c321a374dedf70262","to":"0x00000000219ab540356cBB839Cbe05303d7705Fa","value":"32.0"}
{"level":"info","message":"Deposit saved to MongoDB: 0x07e48a3b5e649343cdab4851809994460fbc7c13ea552a4c321a374dedf70262"}
{"blockNumber":20727218,"blockTimestamp":"2024-09-11T11:58:23.000Z","from":"0xBdD75A97c29294FF805FB2fEe65aBd99492b32A8","hash":"0xdec407fb973f3c4544dbe03a60dc78b20dbc7332b0751ea209ee2ccc9433daa6","level":"info","message":"New deposit detected in transaction: 0xdec407fb973f3c4544dbe03a60dc78b20dbc7332b0751ea209ee2ccc9433daa6","to":"0x00000000219ab540356cBB839Cbe05303d7705Fa","value":"32.0"}
{"level":"info","message":"Deposit saved to MongoDB: 0xdec407fb973f3c4544dbe03a60dc78b20dbc7332b0751ea209ee2ccc9433daa6"}
{"blockNumber":20727219,"blockTimestamp":"2024-09-11T11:58:35.000Z","from":"0xBdD75A97c29294FF805FB2fEe65aBd99492b32A8","hash":"0x1d82f35ae10e340c728834c916491d98306c61dc6c06590b85271a86213a7938","level":"info","message":"New deposit detected in transaction: 0x1d82f35ae10e340c728834c916491d98306c61dc6c06590b85271a86213a7938","to":"0x00000000219ab540356cBB839Cbe05303d7705Fa","value":"32.0"}
{"level":"info","message":"Deposit saved to MongoDB: 0x1d82f35ae10e340c728834c916491d98306c61dc6c06590b85271a86213a7938"}
{"blockNumber":20727220,"blockTimestamp":"2024-09-11T11:58:47.000Z","from":"0xBdD75A97c29294FF805FB2fEe65aBd99492b32A8","hash":"0x820eb8a5e6a99accc452ae5ef8ba18d460862e9c685619e7d13094facf576da5","level":"info","message":"New deposit detected in transaction: 0x820eb8a5e6a99accc452ae5ef8ba18d460862e9c685619e7d13094facf576da5","to":"0x00000000219ab540356cBB839Cbe05303d7705Fa","value":"32.0"}
{"level":"info","message":"Deposit saved to MongoDB: 0x820eb8a5e6a99accc452ae5ef8ba18d460862e9c685619e7d13094facf576da5"}
{"blockNumber":20727221,"blockTimestamp":"2024-09-11T11:58:59.000Z","from":"0xBdD75A97c29294FF805FB2fEe65aBd99492b32A8","hash":"0x720f4833bbe3051c792cbd13e47f2e9715ac27f4e4ba97fe169e0281dd34a955","level":"info","message":"New deposit detected in transaction: 0x720f4833bbe3051c792cbd13e47f2e9715ac27f4e4ba97fe169e0281dd34a955","to":"0x00000000219ab540356cBB839Cbe05303d7705Fa","value":"32.0"}
{"level":"info","message":"Deposit saved to MongoDB: 0x720f4833bbe3051c792cbd13e47f2e9715ac27f4e4ba97fe169e0281dd34a955"}
{"blockNumber":20727222,"blockTimestamp":"2024-09-11T11:59:11.000Z","from":"0xBdD75A97c29294FF805FB2fEe65aBd99492b32A8","hash":"0xf793f20f1293a8eafb068a5af08437ebaa883fab7e7a9bd2ead62611f8357444","level":"info","message":"New deposit detected in transaction: 0xf793f20f1293a8eafb068a5af08437ebaa883fab7e7a9bd2ead62611f8357444","to":"0x00000000219ab540356cBB839Cbe05303d7705Fa","value":"32.0"}
{"level":"info","message":"Deposit saved to MongoDB: 0xf793f20f1293a8eafb068a5af08437ebaa883fab7e7a9bd2ead62611f8357444"}
{"blockNumber":20727223,"blockTimestamp":"2024-09-11T11:59:23.000Z","from":"0xBdD75A97c29294FF805FB2fEe65aBd99492b32A8","hash":"0xcbb28207c9497d3634bedb7a5979a3583ddcd25eedd1891e79270ee24a441560","level":"info","message":"New deposit detected in transaction: 0xcbb28207c9497d3634bedb7a5979a3583ddcd25eedd1891e79270ee24a441560","to":"0x00000000219ab540356cBB839Cbe05303d7705Fa","value":"32.0"}
{"level":"info","message":"Deposit saved to MongoDB: 0xcbb28207c9497d3634bedb7a5979a3583ddcd25eedd1891e79270ee24a441560"}
{"blockNumber":20727224,"blockTimestamp":"2024-09-11T11:59:35.000Z","from":"0xBdD75A97c29294FF805FB2fEe65aBd99492b32A8","hash":"0x65ab58120efb3046b3dac2197e082221587a276c5ca3f7eb43a119688645f94a","level":"info","message":"New deposit detected in transaction: 0x65ab58120efb3046b3dac2197e082221587a276c5ca3f7eb43a119688645f94a","to":"0x00000000219ab540356cBB839Cbe05303d7705Fa","value":"32.0"}
{"level":"info","message":"Deposit saved to MongoDB: 0x65ab58120efb3046b3dac2197e082221587a276c5ca3f7eb43a119688645f94a"}
{"blockNumber":20727225,"blockTimestamp":"2024-09-11T11:59:47.000Z","from":"0xBdD75A97c29294FF805FB2fEe65aBd99492b32A8","hash":"0x3947022d3e78fa68dacb9d85c41aa4f0a62c5e9addd29dcfc3d7e63639a095dc","level":"info","message":"New deposit detected in transaction: 0x3947022d3e78fa68dacb9d85c41aa4f0a62c5e9addd29dcfc3d7e63639a095dc","to":"0x00000000219ab540356cBB839Cbe05303d7705Fa","value":"32.0"}
{"level":"info","message":"Deposit saved to MongoDB: 0x3947022d3e78fa68dacb9d85c41aa4f0a62c5e9addd29dcfc3d7e63639a095dc"}
{"blockNumber":20727226,"blockTimestamp":"2024-09-11T11:59:59.000Z","from":"0xBdD75A97c29294FF805FB2fEe65aBd99492b32A8","hash":"0x5deefd408ae98edf702d9eb4c43d2fe7a26ec2012ad7af50506f72923f99f58d","level":"info","message":"New deposit detected in transaction: 0x5deefd408ae98edf702d9eb4c43d2fe7a26ec2012ad7af50506f72923f99f58d","to":"0x00000000219ab540356cBB839Cbe05303d7705Fa","value":"32.0"}
{"level":"info","message":"Deposit saved to MongoDB: 0x5deefd408ae98edf702d9eb4c43d2fe7a26ec2012ad7af50506f72923f99f58d"}
{"blockNumber":20727227,"blockTimestamp":"2024-09-11T12:00:11.000Z","from":"0xBdD75A97c29294FF805FB2fEe65aBd99492b32A8","hash":"0x195098a0a86dac33551231513db73c4ebd6d8b6b86f0bcdc265e8a514f5cf3f9","level":"info","message":"New deposit detected in transaction: 0x195098a0a86dac33551231513db73c4ebd6d8b6b86f0bcdc265e8a514f5cf3f9","to":"0x00000000219ab540356cBB839Cbe05303d7705Fa","value":"32.0"}
{"level":"info","message":"Deposit saved to MongoDB: 0x195098a0a86dac33551231513db73c4ebd6d8b6b86f0bcdc265e8a514f5cf3f9"}
{"blockNumber":20727228,"blockTimestamp":"2024-09-11T12:00:23.000Z","from":"0xBdD75A97c29294FF805FB2fEe65aBd99492b32A8","hash":"0x3c77e1ef9c0a2c7d08d4fca4d46d1edb60db694461c212d418a0e28187f5fc8e","level":"info","message":"New deposit detected in transaction: 0x3c77e1ef9c0a2c7d08d4fca4d46d1edb60db694461c212d418a0e28187f5fc8e","to":"0x00000000219ab540356cBB839Cbe05303d7705Fa","value":"32.0"}
{"level":"info","message":"Deposit saved to MongoDB: 0x3c77e1ef9c0a2c7d08d4fca4d46d1edb60db694461c212d418a0e28187f5fc8e"}
{"blockNumber":20727229,"blockTimestamp":"2024-09-11T12:00:35.000Z","from":"0xBdD75A97c29294FF805FB2fEe65aBd99492b32A8","hash":"0x60edadec3c2b07cd9edb91ab09e63b9a8ab33292d7f1fb073ee10d03404b0c38","level":"info","message":"New deposit detected in transaction: 0x60edadec3c2b07cd9edb91ab09e63b9a8ab33292d7f1fb073ee10d03404b0c38","to":"0x00000000219ab540356cBB839Cbe05303d7705Fa","value":"32.0"}
{"level":"info","message":"Deposit saved to MongoDB: 0x60edadec3c2b07cd9edb91ab09e63b9a8ab33292d7f1fb073ee10d03404b0c38"}
{"blockNumber":20727230,"blockTimestamp":"2024-09-11T12:00:47.000Z","from":"0xBdD75A97c29294FF805FB2fEe65aBd99492b32A8","hash":"0x039152b0df64fa9e8591197dcbd4e00e48b1affc8f4e8b6694f817896b9cb047","level":"info","message":"New deposit detected in transaction: 0x039152b0df64fa9e8591197dcbd4e00e48b1affc8f4e8b6694f817896b9cb047","to":"0x00000000219ab540356cBB839Cbe05303d7705Fa","value":"32.0"}
{"level":"info","message":"Deposit saved to MongoDB: 0x039152b0df64fa9e8591197dcbd4e00e48b1affc8f4e8b6694f817896b9cb047"}
{"blockNumber":20727231,"blockTimestamp":"2024-09-11T12:00:59.000Z","from":"0xBdD75A97c29294FF805FB2fEe65aBd99492b32A8","hash":"0x4e6d7f5e464ed10212f77ba0428f4509348d3066b184e7c3fba28a300c329e3e","level":"info","message":"New deposit detected in transaction: 0x4e6d7f5e464ed10212f77ba0428f4509348d3066b184e7c3fba28a300c329e3e","to":"0x00000000219ab540356cBB839Cbe05303d7705Fa","value":"32.0"}
{"level":"info","message":"Deposit saved to MongoDB: 0x4e6d7f5e464ed10212f77ba0428f4509348d3066b184e7c3fba28a300c329e3e"}
{"blockNumber":20727232,"blockTimestamp":"2024-09-11T12:01:11.000Z","from":"0xBdD75A97c29294FF805FB2fEe65aBd99492b32A8","hash":"0xbb40b3002778caadcd00f57f0320fe29c17f1174f2a66a6f06862410fc3372ab","level":"info","message":"New deposit detected in transaction: 0xbb40b3002778caadcd00f57f0320fe29c17f1174f2a66a6f06862410fc3372ab","to":"0x00000000219ab540356cBB839Cbe05303d7705Fa","value":"32.0"}
{"level":"info","message":"Deposit saved to MongoDB: 0xbb40b3002778caadcd00f57f0320fe29c17f1174f2a66a6f06862410fc3372ab"}
{"blockNumber":20727234,"blockTimestamp":"2024-09-11T12:01:35.000Z","from":"0xBdD75A97c29294FF805FB2fEe65aBd99492b32A8","hash":"0xbbde869739248b404bbfdf00b5d020d89705fa50cc731c203fbe5049b6874154","level":"info","message":"New deposit detected in transaction: 0xbbde869739248b404bbfdf00b5d020d89705fa50cc731c203fbe5049b6874154","to":"0x00000000219ab540356cBB839Cbe05303d7705Fa","value":"32.0"}
{"level":"info","message":"Deposit saved to MongoDB: 0xbbde869739248b404bbfdf00b5d020d89705fa50cc731c203fbe5049b6874154"}
{"blockNumber":20727235,"blockTimestamp":"2024-09-11T12:01:47.000Z","from":"0xBdD75A97c29294FF805FB2fEe65aBd99492b32A8","hash":"0xe3451f529a5420e753588d3713b02106794c2bd86b5cca959365403e2e93f262","level":"info","message":"New deposit detected in transaction: 0xe3451f529a5420e753588d3713b02106794c2bd86b5cca959365403e2e93f262","to":"0x00000000219ab540356cBB839Cbe05303d7705Fa","value":"32.0"}
{"level":"info","message":"Deposit saved to MongoDB: 0xe3451f529a5420e753588d3713b02106794c2bd86b5cca959365403e2e93f262"}
{"blockNumber":20727233,"blockTimestamp":"2024-09-11T12:01:23.000Z","from":"0xBdD75A97c29294FF805FB2fEe65aBd99492b32A8","hash":"0x5ea938b84b410866979258eacdfe047aea1351e3dfc95b83765dfda10fa63d03","level":"info","message":"New deposit detected in transaction: 0x5ea938b84b410866979258eacdfe047aea1351e3dfc95b83765dfda10fa63d03","to":"0x00000000219ab540356cBB839Cbe05303d7705Fa","value":"32.0"}
{"level":"info","message":"Deposit saved to MongoDB: 0x5ea938b84b410866979258eacdfe047aea1351e3dfc95b83765dfda10fa63d03"}
{"level":"info","message":"Tracking deposits to contract: 0x00000000219ab540356cBB839Cbe05303d7705Fa"}
{"level":"info","message":"Server started, monitoring for deposits..."}
{"level":"info","message":"Connected to MongoDB"}
{"blockNumber":20727237,"blockTimestamp":"2024-09-11T12:02:11.000Z","from":"0xBdD75A97c29294FF805FB2fEe65aBd99492b32A8","hash":"0xfc00281f39ea8c36c50402b9cca936b2b8c592e39ec5c069b07ed00ddb23488d","level":"info","message":"New deposit detected in transaction: 0xfc00281f39ea8c36c50402b9cca936b2b8c592e39ec5c069b07ed00ddb23488d","to":"0x00000000219ab540356cBB839Cbe05303d7705Fa","value":"32.0"}
{"level":"info","message":"Deposit saved to MongoDB: 0xfc00281f39ea8c36c50402b9cca936b2b8c592e39ec5c069b07ed00ddb23488d"}
{"level":"error","message":"Error saving deposit to MongoDB: deposit is not defined","stack":"ReferenceError: deposit is not defined\n    at AlchemyProvider.<anonymous> (file:///Users/nishantdalal/Downloads/Luganodes/index.mjs:67:19)\n    at processTicksAndRejections (node:internal/process/task_queues:96:5)"}
{"blockNumber":20727238,"blockTimestamp":"2024-09-11T12:02:23.000Z","from":"0xBdD75A97c29294FF805FB2fEe65aBd99492b32A8","hash":"0xcde0c1c7cb8c27b96c6963c208b39a96a21a7d1275f7a44dd77f2b0a27c07b03","level":"info","message":"New deposit detected in transaction: 0xcde0c1c7cb8c27b96c6963c208b39a96a21a7d1275f7a44dd77f2b0a27c07b03","to":"0x00000000219ab540356cBB839Cbe05303d7705Fa","value":"32.0"}
{"level":"info","message":"Deposit saved to MongoDB: 0xcde0c1c7cb8c27b96c6963c208b39a96a21a7d1275f7a44dd77f2b0a27c07b03"}
{"level":"error","message":"Error saving deposit to MongoDB: deposit is not defined","stack":"ReferenceError: deposit is not defined\n    at AlchemyProvider.<anonymous> (file:///Users/nishantdalal/Downloads/Luganodes/index.mjs:67:19)\n    at processTicksAndRejections (node:internal/process/task_queues:96:5)"}
{"level":"info","message":"Tracking deposits to contract: 0x00000000219ab540356cBB839Cbe05303d7705Fa"}
{"level":"info","message":"Server started, monitoring for deposits..."}
{"level":"info","message":"Connected to MongoDB"}
{"level":"info","message":"Tracking deposits to contract: 0x00000000219ab540356cBB839Cbe05303d7705Fa"}
{"level":"info","message":"Server started, monitoring for deposits..."}
{"level":"info","message":"Connected to MongoDB"}
{"blockNumber":20727327,"blockTimestamp":"2024-09-11T12:20:11.000Z","from":"0xBdD75A97c29294FF805FB2fEe65aBd99492b32A8","hash":"0x4997d9e7eb2450ddaf7ef541315f539487aad4295941ffc7e811349008d2639a","level":"info","message":"New deposit detected in transaction: 0x4997d9e7eb2450ddaf7ef541315f539487aad4295941ffc7e811349008d2639a","to":"0x00000000219ab540356cBB839Cbe05303d7705Fa","value":"32.0"}
{"level":"info","message":"Deposit saved to MongoDB: 0x4997d9e7eb2450ddaf7ef541315f539487aad4295941ffc7e811349008d2639a"}
{"blockNumber":20727328,"blockTimestamp":"2024-09-11T12:20:23.000Z","from":"0xBdD75A97c29294FF805FB2fEe65aBd99492b32A8","hash":"0x882e162b7dc6001ed37c076191e0fd8792d9e64623c8a2bcc589d733b8b6c516","level":"info","message":"New deposit detected in transaction: 0x882e162b7dc6001ed37c076191e0fd8792d9e64623c8a2bcc589d733b8b6c516","to":"0x00000000219ab540356cBB839Cbe05303d7705Fa","value":"32.0"}
{"level":"info","message":"Deposit saved to MongoDB: 0x882e162b7dc6001ed37c076191e0fd8792d9e64623c8a2bcc589d733b8b6c516"}
{"blockNumber":20727329,"blockTimestamp":"2024-09-11T12:20:35.000Z","from":"0xBdD75A97c29294FF805FB2fEe65aBd99492b32A8","hash":"0x3ea5063c388a6e936f6c3fbdfdf7b4e93a757853a9720b55b6143c936c18142c","level":"info","message":"New deposit detected in transaction: 0x3ea5063c388a6e936f6c3fbdfdf7b4e93a757853a9720b55b6143c936c18142c","to":"0x00000000219ab540356cBB839Cbe05303d7705Fa","value":"32.0"}
{"level":"info","message":"Deposit saved to MongoDB: 0x3ea5063c388a6e936f6c3fbdfdf7b4e93a757853a9720b55b6143c936c18142c"}
{"level":"info","message":"Tracking deposits to contract: 0x00000000219ab540356cBB839Cbe05303d7705Fa"}
{"level":"info","message":"Server started, monitoring for deposits..."}
{"level":"info","message":"Connected to MongoDB"}
{"blockNumber":20727422,"blockTimestamp":"2024-09-11T12:39:11.000Z","from":"0xBdD75A97c29294FF805FB2fEe65aBd99492b32A8","hash":"0x2bc59f5ea2162709b7d325e127d803741bda9fbde466d670b6918741a6833e31","level":"info","message":"New deposit detected in transaction: 0x2bc59f5ea2162709b7d325e127d803741bda9fbde466d670b6918741a6833e31","to":"0x00000000219ab540356cBB839Cbe05303d7705Fa","value":"32.0"}
{"level":"info","message":"Deposit saved to MongoDB: 0x2bc59f5ea2162709b7d325e127d803741bda9fbde466d670b6918741a6833e31"}
{"blockNumber":20727423,"blockTimestamp":"2024-09-11T12:39:23.000Z","from":"0xBdD75A97c29294FF805FB2fEe65aBd99492b32A8","hash":"0xed66a7be3b55b9dac6d351d9b6dbdde8de7c927c2f4edac72dd1d4ac6333b5bd","level":"info","message":"New deposit detected in transaction: 0xed66a7be3b55b9dac6d351d9b6dbdde8de7c927c2f4edac72dd1d4ac6333b5bd","to":"0x00000000219ab540356cBB839Cbe05303d7705Fa","value":"32.0"}
{"level":"info","message":"Deposit saved to MongoDB: 0xed66a7be3b55b9dac6d351d9b6dbdde8de7c927c2f4edac72dd1d4ac6333b5bd"}
{"blockNumber":20727424,"blockTimestamp":"2024-09-11T12:39:35.000Z","from":"0xBdD75A97c29294FF805FB2fEe65aBd99492b32A8","hash":"0x139725821b4898ba9a2f24e3d61ddb71a0a5ad9066c4fb3ca9d7c76f444b7303","level":"info","message":"New deposit detected in transaction: 0x139725821b4898ba9a2f24e3d61ddb71a0a5ad9066c4fb3ca9d7c76f444b7303","to":"0x00000000219ab540356cBB839Cbe05303d7705Fa","value":"32.0"}
{"level":"info","message":"Deposit saved to MongoDB: 0x139725821b4898ba9a2f24e3d61ddb71a0a5ad9066c4fb3ca9d7c76f444b7303"}
{"blockNumber":20727426,"blockTimestamp":"2024-09-11T12:39:59.000Z","from":"0xBdD75A97c29294FF805FB2fEe65aBd99492b32A8","hash":"0x4607ecb6f434b3a46e9df0d04639017eeeb1f2645d4a5408a26d8926a202d33c","level":"info","message":"New deposit detected in transaction: 0x4607ecb6f434b3a46e9df0d04639017eeeb1f2645d4a5408a26d8926a202d33c","to":"0x00000000219ab540356cBB839Cbe05303d7705Fa","value":"32.0"}
{"level":"info","message":"Deposit saved to MongoDB: 0x4607ecb6f434b3a46e9df0d04639017eeeb1f2645d4a5408a26d8926a202d33c"}
{"blockNumber":20727427,"blockTimestamp":"2024-09-11T12:40:11.000Z","from":"0xBdD75A97c29294FF805FB2fEe65aBd99492b32A8","hash":"0x29b639c7df92e99ecb9958cc1714c7e5609095b3c5000f83a175e2fe8c6fe666","level":"info","message":"New deposit detected in transaction: 0x29b639c7df92e99ecb9958cc1714c7e5609095b3c5000f83a175e2fe8c6fe666","to":"0x00000000219ab540356cBB839Cbe05303d7705Fa","value":"32.0"}
{"level":"info","message":"Deposit saved to MongoDB: 0x29b639c7df92e99ecb9958cc1714c7e5609095b3c5000f83a175e2fe8c6fe666"}
{"blockNumber":20727428,"blockTimestamp":"2024-09-11T12:40:23.000Z","from":"0xBdD75A97c29294FF805FB2fEe65aBd99492b32A8","hash":"0x0bafa70483950255383767bad97e1551bd2ca87d27bfbb825840a9157cfaad62","level":"info","message":"New deposit detected in transaction: 0x0bafa70483950255383767bad97e1551bd2ca87d27bfbb825840a9157cfaad62","to":"0x00000000219ab540356cBB839Cbe05303d7705Fa","value":"32.0"}
{"level":"info","message":"Deposit saved to MongoDB: 0x0bafa70483950255383767bad97e1551bd2ca87d27bfbb825840a9157cfaad62"}
{"blockNumber":20727429,"blockTimestamp":"2024-09-11T12:40:35.000Z","from":"0xBdD75A97c29294FF805FB2fEe65aBd99492b32A8","hash":"0x18f6962622ddbbb6d83e9e3453133cd5616c17c6c8782be81e1674cf197ddb0f","level":"info","message":"New deposit detected in transaction: 0x18f6962622ddbbb6d83e9e3453133cd5616c17c6c8782be81e1674cf197ddb0f","to":"0x00000000219ab540356cBB839Cbe05303d7705Fa","value":"32.0"}
{"level":"info","message":"Deposit saved to MongoDB: 0x18f6962622ddbbb6d83e9e3453133cd5616c17c6c8782be81e1674cf197ddb0f"}
{"blockNumber":20727432,"blockTimestamp":"2024-09-11T12:41:11.000Z","from":"0xBdD75A97c29294FF805FB2fEe65aBd99492b32A8","hash":"0x80c85453d3f48fc57a6a58e6ac46996fc98b2a35b6b7403bd31b021fe7080640","level":"info","message":"New deposit detected in transaction: 0x80c85453d3f48fc57a6a58e6ac46996fc98b2a35b6b7403bd31b021fe7080640","to":"0x00000000219ab540356cBB839Cbe05303d7705Fa","value":"32.0"}
{"level":"info","message":"Deposit saved to MongoDB: 0x80c85453d3f48fc57a6a58e6ac46996fc98b2a35b6b7403bd31b021fe7080640"}
{"blockNumber":20727431,"blockTimestamp":"2024-09-11T12:40:59.000Z","from":"0xBdD75A97c29294FF805FB2fEe65aBd99492b32A8","hash":"0x2f84e6e7df6558677279a9137fac466bee61c2ec4a2c4884c16d7abc3e80f5de","level":"info","message":"New deposit detected in transaction: 0x2f84e6e7df6558677279a9137fac466bee61c2ec4a2c4884c16d7abc3e80f5de","to":"0x00000000219ab540356cBB839Cbe05303d7705Fa","value":"32.0"}
{"level":"info","message":"Deposit saved to MongoDB: 0x2f84e6e7df6558677279a9137fac466bee61c2ec4a2c4884c16d7abc3e80f5de"}
{"blockNumber":20727433,"blockTimestamp":"2024-09-11T12:41:23.000Z","from":"0xBdD75A97c29294FF805FB2fEe65aBd99492b32A8","hash":"0xfb6042a11263352cb4afa6d9c9e454406165277033720227a06b95e884134bcd","level":"info","message":"New deposit detected in transaction: 0xfb6042a11263352cb4afa6d9c9e454406165277033720227a06b95e884134bcd","to":"0x00000000219ab540356cBB839Cbe05303d7705Fa","value":"32.0"}
{"level":"info","message":"Deposit saved to MongoDB: 0xfb6042a11263352cb4afa6d9c9e454406165277033720227a06b95e884134bcd"}
{"level":"info","message":"Tracking deposits to contract: 0x00000000219ab540356cBB839Cbe05303d7705Fa"}
{"level":"info","message":"Server started, monitoring for deposits..."}
{"level":"info","message":"Connected to MongoDB"}
{"blockNumber":20728397,"blockTimestamp":"2024-09-11T15:55:11.000Z","from":"0xBdD75A97c29294FF805FB2fEe65aBd99492b32A8","hash":"0x0cbdafb42ea8f86ef0b41eecfdcee6830d7d0b6f240afe1f68a43bb8dce78c29","level":"info","message":"New deposit detected in transaction: 0x0cbdafb42ea8f86ef0b41eecfdcee6830d7d0b6f240afe1f68a43bb8dce78c29","to":"0x00000000219ab540356cBB839Cbe05303d7705Fa","value":"32.0"}
{"level":"info","message":"Deposit saved to MongoDB: 0x0cbdafb42ea8f86ef0b41eecfdcee6830d7d0b6f240afe1f68a43bb8dce78c29"}
{"blockNumber":20728398,"blockTimestamp":"2024-09-11T15:55:23.000Z","from":"0xBdD75A97c29294FF805FB2fEe65aBd99492b32A8","hash":"0x4851562de057c656bc5becf10260e3a45728b5348695b011948184efe90a510f","level":"info","message":"New deposit detected in transaction: 0x4851562de057c656bc5becf10260e3a45728b5348695b011948184efe90a510f","to":"0x00000000219ab540356cBB839Cbe05303d7705Fa","value":"32.0"}
{"level":"info","message":"Deposit saved to MongoDB: 0x4851562de057c656bc5becf10260e3a45728b5348695b011948184efe90a510f"}
{"level":"info","message":"Tracking deposits to contract: 0x00000000219ab540356cBB839Cbe05303d7705Fa"}
{"level":"info","message":"Server started, monitoring for deposits..."}
{"level":"info","message":"Connected to MongoDB"}
